<?xml version="1.0" encoding="UTF-8"?>
<testsuite name="com.wedding.prathapwedssangeetha.PrathapwedssangeethaApplicationTests" tests="1" skipped="0" failures="0" errors="0" timestamp="2020-11-29T18:00:39" hostname="38f9d32dfb36" time="0.243">
  <properties/>
  <testcase name="contextLoads()" classname="com.wedding.prathapwedssangeetha.PrathapwedssangeethaApplicationTests" time="0.243"/>
  <system-out><![CDATA[23:30:38.054 [Test worker] DEBUG org.springframework.test.context.BootstrapUtils - Instantiating CacheAwareContextLoaderDelegate from class [org.springframework.test.context.cache.DefaultCacheAwareContextLoaderDelegate]
23:30:38.064 [Test worker] DEBUG org.springframework.test.context.BootstrapUtils - Instantiating BootstrapContext using constructor [public org.springframework.test.context.support.DefaultBootstrapContext(java.lang.Class,org.springframework.test.context.CacheAwareContextLoaderDelegate)]
23:30:38.084 [Test worker] DEBUG org.springframework.test.context.BootstrapUtils - Instantiating TestContextBootstrapper for test class [com.wedding.prathapwedssangeetha.PrathapwedssangeethaApplicationTests] from class [org.springframework.boot.test.context.SpringBootTestContextBootstrapper]
23:30:38.093 [Test worker] INFO org.springframework.boot.test.context.SpringBootTestContextBootstrapper - Neither @ContextConfiguration nor @ContextHierarchy found for test class [com.wedding.prathapwedssangeetha.PrathapwedssangeethaApplicationTests], using SpringBootContextLoader
23:30:38.096 [Test worker] DEBUG org.springframework.test.context.support.AbstractContextLoader - Did not detect default resource location for test class [com.wedding.prathapwedssangeetha.PrathapwedssangeethaApplicationTests]: class path resource [com/wedding/prathapwedssangeetha/PrathapwedssangeethaApplicationTests-context.xml] does not exist
23:30:38.097 [Test worker] DEBUG org.springframework.test.context.support.AbstractContextLoader - Did not detect default resource location for test class [com.wedding.prathapwedssangeetha.PrathapwedssangeethaApplicationTests]: class path resource [com/wedding/prathapwedssangeetha/PrathapwedssangeethaApplicationTestsContext.groovy] does not exist
23:30:38.097 [Test worker] INFO org.springframework.test.context.support.AbstractContextLoader - Could not detect default resource locations for test class [com.wedding.prathapwedssangeetha.PrathapwedssangeethaApplicationTests]: no resource found for suffixes {-context.xml, Context.groovy}.
23:30:38.098 [Test worker] INFO org.springframework.test.context.support.AnnotationConfigContextLoaderUtils - Could not detect default configuration classes for test class [com.wedding.prathapwedssangeetha.PrathapwedssangeethaApplicationTests]: PrathapwedssangeethaApplicationTests does not declare any static, non-private, non-final, nested classes annotated with @Configuration.
23:30:38.123 [Test worker] DEBUG org.springframework.test.context.support.ActiveProfilesUtils - Could not find an 'annotation declaring class' for annotation type [org.springframework.test.context.ActiveProfiles] and class [com.wedding.prathapwedssangeetha.PrathapwedssangeethaApplicationTests]
23:30:38.163 [Test worker] DEBUG org.springframework.context.annotation.ClassPathScanningCandidateComponentProvider - Identified candidate component class: file [/Users/z002wdv/Downloads/prathapwedssangeetha/build/classes/java/main/com/wedding/prathapwedssangeetha/PrathapwedssangeethaApplication.class]
23:30:38.164 [Test worker] INFO org.springframework.boot.test.context.SpringBootTestContextBootstrapper - Found @SpringBootConfiguration com.wedding.prathapwedssangeetha.PrathapwedssangeethaApplication for test class com.wedding.prathapwedssangeetha.PrathapwedssangeethaApplicationTests
23:30:38.243 [Test worker] DEBUG org.springframework.boot.test.context.SpringBootTestContextBootstrapper - @TestExecutionListeners is not present for class [com.wedding.prathapwedssangeetha.PrathapwedssangeethaApplicationTests]: using defaults.
23:30:38.244 [Test worker] INFO org.springframework.boot.test.context.SpringBootTestContextBootstrapper - Loaded default TestExecutionListener class names from location [META-INF/spring.factories]: [org.springframework.boot.test.autoconfigure.restdocs.RestDocsTestExecutionListener, org.springframework.boot.test.autoconfigure.web.client.MockRestServiceServerResetTestExecutionListener, org.springframework.boot.test.autoconfigure.web.servlet.MockMvcPrintOnlyOnFailureTestExecutionListener, org.springframework.boot.test.autoconfigure.web.servlet.WebDriverTestExecutionListener, org.springframework.boot.test.autoconfigure.webservices.client.MockWebServiceServerTestExecutionListener, org.springframework.boot.test.mock.mockito.MockitoTestExecutionListener, org.springframework.boot.test.mock.mockito.ResetMocksTestExecutionListener, org.springframework.test.context.web.ServletTestExecutionListener, org.springframework.test.context.support.DirtiesContextBeforeModesTestExecutionListener, org.springframework.test.context.support.DependencyInjectionTestExecutionListener, org.springframework.test.context.support.DirtiesContextTestExecutionListener, org.springframework.test.context.transaction.TransactionalTestExecutionListener, org.springframework.test.context.jdbc.SqlScriptsTestExecutionListener, org.springframework.test.context.event.EventPublishingTestExecutionListener]
23:30:38.253 [Test worker] DEBUG org.springframework.boot.test.context.SpringBootTestContextBootstrapper - Skipping candidate TestExecutionListener [org.springframework.test.context.transaction.TransactionalTestExecutionListener] due to a missing dependency. Specify custom listener classes or make the default listener classes and their required dependencies available. Offending class: [org/springframework/transaction/interceptor/TransactionAttributeSource]
23:30:38.253 [Test worker] DEBUG org.springframework.boot.test.context.SpringBootTestContextBootstrapper - Skipping candidate TestExecutionListener [org.springframework.test.context.jdbc.SqlScriptsTestExecutionListener] due to a missing dependency. Specify custom listener classes or make the default listener classes and their required dependencies available. Offending class: [org/springframework/transaction/interceptor/TransactionAttribute]
23:30:38.253 [Test worker] INFO org.springframework.boot.test.context.SpringBootTestContextBootstrapper - Using TestExecutionListeners: [org.springframework.test.context.web.ServletTestExecutionListener@d1046d8, org.springframework.test.context.support.DirtiesContextBeforeModesTestExecutionListener@6d4e2da6, org.springframework.boot.test.mock.mockito.MockitoTestExecutionListener@2882a247, org.springframework.boot.test.autoconfigure.SpringBootDependencyInjectionTestExecutionListener@71af5cac, org.springframework.test.context.support.DirtiesContextTestExecutionListener@7e86e2c7, org.springframework.test.context.event.EventPublishingTestExecutionListener@62b9c3ac, org.springframework.boot.test.autoconfigure.restdocs.RestDocsTestExecutionListener@5f14d526, org.springframework.boot.test.autoconfigure.web.client.MockRestServiceServerResetTestExecutionListener@54d5b854, org.springframework.boot.test.autoconfigure.web.servlet.MockMvcPrintOnlyOnFailureTestExecutionListener@1d8cf8d3, org.springframework.boot.test.autoconfigure.web.servlet.WebDriverTestExecutionListener@3104ec6d, org.springframework.boot.test.autoconfigure.webservices.client.MockWebServiceServerTestExecutionListener@48c0a28e, org.springframework.boot.test.mock.mockito.ResetMocksTestExecutionListener@312eb4da]
23:30:38.256 [Test worker] DEBUG org.springframework.test.context.support.AbstractDirtiesContextTestExecutionListener - Before test class: context [DefaultTestContext@75f93ce3 testClass = PrathapwedssangeethaApplicationTests, testInstance = [null], testMethod = [null], testException = [null], mergedContextConfiguration = [WebMergedContextConfiguration@6fa77796 testClass = PrathapwedssangeethaApplicationTests, locations = '{}', classes = '{class com.wedding.prathapwedssangeetha.PrathapwedssangeethaApplication}', contextInitializerClasses = '[]', activeProfiles = '{}', propertySourceLocations = '{}', propertySourceProperties = '{org.springframework.boot.test.context.SpringBootTestContextBootstrapper=true}', contextCustomizers = set[org.springframework.boot.test.autoconfigure.properties.PropertyMappingContextCustomizer@0, org.springframework.boot.test.autoconfigure.web.servlet.WebDriverContextCustomizerFactory$Customizer@112f9c40, org.springframework.boot.test.context.filter.ExcludeFilterContextCustomizer@40ad85af, org.springframework.boot.test.json.DuplicateJsonObjectContextCustomizerFactory$DuplicateJsonObjectContextCustomizer@6b797cbd, org.springframework.boot.test.mock.mockito.MockitoContextCustomizer@0, org.springframework.boot.test.web.client.TestRestTemplateContextCustomizer@62210015, org.springframework.boot.test.context.SpringBootTestArgs@1, org.springframework.boot.test.context.SpringBootTestWebEnvironment@4fab1cb5], resourceBasePath = 'src/main/webapp', contextLoader = 'org.springframework.boot.test.context.SpringBootContextLoader', parent = [null]], attributes = map['org.springframework.test.context.web.ServletTestExecutionListener.activateListener' -> true]], class annotated with @DirtiesContext [false] with mode [null].
23:30:38.282 [Test worker] DEBUG org.springframework.test.context.support.TestPropertySourceUtils - Adding inlined properties to environment: {spring.jmx.enabled=false, org.springframework.boot.test.context.SpringBootTestContextBootstrapper=true}

  .   ____          _            __ _ _
 /\\ / ___'_ __ _ _(_)_ __  __ _ \ \ \ \
( ( )\___ | '_ | '_| | '_ \/ _` | \ \ \ \
 \\/  ___)| |_)| | | | | || (_| |  ) ) ) )
  '  |____| .__|_| |_|_| |_\__, | / / / /
 =========|_|==============|___/=/_/_/_/
 :: Spring Boot ::        (v2.3.6.RELEASE)

2020-11-29 23:30:38.482  INFO 77906 --- [    Test worker] w.p.PrathapwedssangeethaApplicationTests : Starting PrathapwedssangeethaApplicationTests on 38f9d32dfb36 with PID 77906 (started by z002wdv in /Users/z002wdv/Downloads/prathapwedssangeetha)
2020-11-29 23:30:38.483  INFO 77906 --- [    Test worker] w.p.PrathapwedssangeethaApplicationTests : No active profile set, falling back to default profiles: default
2020-11-29 23:30:39.396  INFO 77906 --- [    Test worker] o.s.s.concurrent.ThreadPoolTaskExecutor  : Initializing ExecutorService 'applicationTaskExecutor'
2020-11-29 23:30:39.491  INFO 77906 --- [    Test worker] o.s.b.a.w.s.WelcomePageHandlerMapping    : Adding welcome page: class path resource [static/index.html]
2020-11-29 23:30:39.666  INFO 77906 --- [    Test worker] w.p.PrathapwedssangeethaApplicationTests : Started PrathapwedssangeethaApplicationTests in 1.375 seconds (JVM running for 2.22)
]]></system-out>
  <system-err><![CDATA[]]></system-err>
</testsuite>
